08:13:30:435064|0029-00001:PSH::Tinfo UTCOffset {-04:00}
08:13:30:435089|0056-00001:JAVA::PropertyName [java.version] PropertyValue [21.0.8]
08:13:30:435103|0067-00001:JAVA::PropertyName [java.vendor] PropertyValue [Oracle Corporation]
08:13:30:435115|0077-00001:JAVA::PropertyName [java.vendor.url] PropertyValue [https://java.oracle.com/]
08:13:30:435126|0075-00001:JAVA::PropertyName [java.home] PropertyValue [C:\Program Files\Java\jdk-21]
08:13:30:435136|0069-00001:JAVA::PropertyName [java.vm.specification.version] PropertyValue [21]
08:13:30:435156|0084-00001:JAVA::PropertyName [java.vm.specification.vendor] PropertyValue [Oracle Corporation]
08:13:30:435167|0098-00001:JAVA::PropertyName [java.vm.specification.name] PropertyValue [Java Virtual Machine Specification]
08:13:30:435178|0070-00001:JAVA::PropertyName [java.vm.version] PropertyValue [21.0.8+12-LTS-250]
08:13:30:435187|0070-00001:JAVA::PropertyName [java.vm.vendor] PropertyValue [Oracle Corporation]
08:13:30:435197|0083-00001:JAVA::PropertyName [java.vm.name] PropertyValue [Java HotSpot(TM) 64-Bit Server VM]
08:13:30:435207|0066-00001:JAVA::PropertyName [java.specification.version] PropertyValue [21]
08:13:30:435217|0081-00001:JAVA::PropertyName [java.specification.vendor] PropertyValue [Oracle Corporation]
08:13:30:435227|0092-00001:JAVA::PropertyName [java.specification.name] PropertyValue [Java Platform API Specification]
08:13:30:435237|0060-00001:JAVA::PropertyName [java.class.version] PropertyValue [65.0]
08:13:30:435247|0342-00001:JAVA::PropertyName [java.class.path] PropertyValue [../lib/commons-pool2-2.11.1.jar;../lib/jackson-annotations-2.18.3.jar;../lib/jackson-core-2.18.3.jar;../lib/jackson-databind-2.18.3.jar;../lib/jedis-5.1.0.jar;../lib/jmkv168p9.jar;../lib/logback-classic-1.2.11.jar;../lib/logback-core-1.2.11.jar;../lib/slf4j-api-1.7.36.jar;..\build\classes]
08:13:30:435263|1925-00001:JAVA::PropertyName [java.library.path] PropertyValue [C:\Program Files\Java\jdk-21\bin;C:\WINDOWS\Sun\Java\bin;C:\WINDOWS\system32;C:\WINDOWS;C:\Program Files\Common Files\Oracle\Java\javapath;C:\Program Files (x86)\Common Files\Oracle\Java\java8path;C:\Program Files (x86)\Common Files\Oracle\Java\javapath;C:\Program Files\Python312\Scripts\;C:\Program Files\Python312\;C:\Program Files\Python313\Scripts\;C:\Program Files\Python313\;C:\Program Files\NVIDIA GPU Computing Toolkit\CUDA\v12.6\bin;C:\Program Files\NVIDIA GPU Computing Toolkit\CUDA\v12.6\libnvvp;C:\WINDOWS\system32;C:\WINDOWS;C:\WINDOWS\System32\Wbem;C:\WINDOWS\System32\WindowsPowerShell\v1.0\;C:\WINDOWS\System32\OpenSSH\;C:\Program Files (x86)\Microsoft SQL Server\160\DTS\Binn\;C:\Program Files\Azure Data Studio\bin;C:\Program Files\Microsoft VS Code\bin;C:\Users\evan.gerhard\Downloads\x13as;C:\Program Files\dotnet\;C:\Program Files\Microsoft SQL Server\150\Tools\Binn\;C:\Program Files\Microsoft SQL Server\Client SDK\ODBC\170\Tools\Binn\;C:\Program Files\SafeNet\Authentication\SAC\x64;C:\Program Files\SafeNet\Authentication\SAC\x32;C:\Program Files\NVIDIA Corporation\Nsight Compute 2024.3.2\;C:\Program Files (x86)\NVIDIA Corporation\PhysX\Common;C:\apache-maven-3.9.9\bin;C:\Program Files\Java\jdk-21\bin;C:\Users\evan.gerhard\AppData\Roaming\Python\Python312\Scripts;C:\Users\evan.gerhard\AppData\Local\Programs\Python\Python312\Scripts\;C:\Users\evan.gerhard\AppData\Local\Programs\Python\Python312\;C:\Users\evan.gerhard\AppData\Local\Programs\Python\Python39\Scripts\;C:\Users\evan.gerhard\AppData\Local\Programs\Python\Python39\;C:\Users\evan.gerhard\AppData\Local\Programs\Python\Python38\Scripts\;C:\Users\evan.gerhard\AppData\Local\Programs\Python\Python38\;C:\Users\evan.gerhard\AppData\Local\Microsoft\WindowsApps;C:\blp\DAPI;C:\blp\DAPI\DDE;C:\Users\evan.gerhard\AppData\Local\GitHubDesktop\bin;C:\Users\evan.gerhard\.dotnet\tools;;.]
08:13:30:435310|0091-00001:JAVA::PropertyName [java.io.tmpdir] PropertyValue [C:\Users\EVAN~1.GER\AppData\Local\Temp\]
08:13:30:435321|0055-00001:JAVA::PropertyName [java.compiler] PropertyValue [null]
08:13:30:435332|0055-00001:JAVA::PropertyName [java.ext.dirs] PropertyValue [null]
08:13:30:435341|0055-00001:JAVA::PropertyName [os.name] PropertyValue [Windows 11]
08:13:30:435350|0050-00001:JAVA::PropertyName [os.arch] PropertyValue [amd64]
08:13:30:435360|0052-00001:JAVA::PropertyName [os.version] PropertyValue [10.0]
08:13:30:435369|0053-00001:JAVA::PropertyName [file.separator] PropertyValue [\]
08:13:30:435378|0053-00001:JAVA::PropertyName [path.separator] PropertyValue [;]
08:13:30:435387|0054-00001:JAVA::PropertyName [line.separator] PropertyValue [
]
08:13:30:435397|0059-00001:JAVA::PropertyName [user.name] PropertyValue [evan.gerhard]
08:13:30:435406|0068-00001:JAVA::PropertyName [user.home] PropertyValue [C:\Users\evan.gerhard]
08:13:30:435415|0119-00001:JAVA::PropertyName [user.dir] PropertyValue [C:\Users\evan.gerhard\Documents\GitHub\ION_jmkv\redisOrder\RUN_redisOrder]
08:13:30:435491|0157-00001:JAVA::PropertyName [command_line] PropertyValue [[-agentpath:C:\Program Files\SentinelOne\Sentinel Agent 24.2.3.471\SentinelJava64.dll=extendedCapabilities]]
08:13:30:435516|0062-00001:PSH::VarName[eslib.low_load_factor],VarValue[1],Type[3],Desc[]
08:13:30:435529|0070-00001:PSH::VarName[registerclientprotocolversion],VarValue[4],Type[3],Desc[]
08:13:30:435541|0050-00001:PSH::VarName[logsasync],VarValue[1],Type[3],Desc[]
08:13:30:435552|0055-00001:PSH::VarName[logcustomstats],VarValue[1],Type[3],Desc[]
08:13:30:435562|0061-00001:PSH::VarName[publishonlyrecordset],VarValue[0],Type[3],Desc[]
08:13:30:435572|0058-00001:PSH::VarName[CSHOST],VarValue[10.74.124.71],Type[1],Desc[]
08:13:30:435582|0052-00001:PSH::VarName[negtimeout],VarValue[16],Type[3],Desc[]
08:13:30:435592|0057-00001:PSH::VarName[winnative.enable],VarValue[1],Type[3],Desc[]
08:13:30:435601|0057-00001:PSH::VarName[traces.broadcast],VarValue[1],Type[3],Desc[]
08:13:30:435611|0050-00001:PSH::VarName[ent_source],VarValue[],Type[3],Desc[]
08:13:30:435621|0066-00001:PSH::VarName[publish_exclude_originator],VarValue[],Type[3],Desc[]
08:13:30:435631|0086-00001:PSH::VarName[excludedsslprotocols],VarValue[SSLv3 SSLv2Hello SSLv2 SSL],Type[3],Desc[]
08:13:30:435642|0051-00001:PSH::VarName[LISTEN],VarValue[17996],Type[1],Desc[]
08:13:30:435652|0055-00001:PSH::VarName[publish_include],VarValue[],Type[3],Desc[]
08:13:30:435662|0055-00001:PSH::VarName[drecorderscript],VarValue[],Type[3],Desc[]
08:13:30:435672|0058-00001:PSH::VarName[resolve_hostnames],VarValue[0],Type[3],Desc[]
08:13:30:435682|0052-00001:PSH::VarName[statime_sub],VarValue[1],Type[3],Desc[]
08:13:30:435691|0054-00001:PSH::VarName[dtflowcontrol],VarValue[1],Type[3],Desc[]
08:13:30:435701|0069-00001:PSH::VarName[connection_failure_threshold],VarValue[5],Type[3],Desc[]
08:13:30:435711|0055-00001:PSH::VarName[drecorderextobj],VarValue[],Type[3],Desc[]
08:13:30:435721|0061-00001:PSH::VarName[full_unicode_support],VarValue[1],Type[3],Desc[]
08:13:30:435731|0059-00001:PSH::VarName[memoryalert.amber],VarValue[45],Type[3],Desc[]
08:13:30:435741|0049-00001:PSH::VarName[logsdays],VarValue[2],Type[3],Desc[]
08:13:30:435750|0051-00001:PSH::VarName[dtblocking],VarValue[1],Type[3],Desc[]
08:13:30:435770|0084-00001:PSH::VarName[debug.eslib],VarValue[1],Type[3],Desc[Trace for ESLib queries on files]
08:13:30:435781|0050-00001:PSH::VarName[gctrace],VarValue[all],Type[3],Desc[]
08:13:30:435793|0055-00001:PSH::VarName[tcp_buffer],VarValue[65536],Type[3],Desc[]
08:13:30:435802|0053-00001:PSH::VarName[syscomponent],VarValue[0],Type[3],Desc[]
08:13:30:435812|0053-00001:PSH::VarName[MONITOR_PORT],VarValue[0],Type[3],Desc[]
08:13:30:435832|0049-00001:PSH::VarName[calive],VarValue[240],Type[3],Desc[]
08:13:30:435842|0072-00001:PSH::VarName[ignore_daemon_object_collisions],VarValue[1],Type[3],Desc[]
08:13:30:435852|0054-00001:PSH::VarName[audit_enabled],VarValue[1],Type[3],Desc[]
08:13:30:435862|0056-00001:PSH::VarName[filebuffer],VarValue[131072],Type[3],Desc[]
08:13:30:435871|0055-00001:PSH::VarName[logsflushtime],VarValue[-1],Type[3],Desc[]
08:13:30:435880|0052-00001:PSH::VarName[mindiskfree],VarValue[0],Type[3],Desc[]
08:13:30:435890|0059-00001:PSH::VarName[deadlock_detection],VarValue[1],Type[3],Desc[]
08:13:30:435899|0056-00001:PSH::VarName[logsasyncwait],VarValue[200],Type[3],Desc[]
08:13:30:435908|0060-00001:PSH::VarName[keystore.client.path],VarValue[],Type[3],Desc[]
08:13:30:435919|0063-00001:PSH::VarName[eslib.high_load_factor],VarValue[2],Type[3],Desc[]
08:13:30:435928|0059-00001:PSH::VarName[tickdata.precision],VarValue[0],Type[3],Desc[]
08:13:30:435938|0056-00001:PSH::VarName[keystores_path],VarValue[.\],Type[3],Desc[]
08:13:30:435947|0047-00001:PSH::VarName[LOGSDIR],VarValue[],Type[3],Desc[]
08:13:30:435957|0057-00001:PSH::VarName[memoryalert.red],VarValue[50],Type[3],Desc[]
08:13:30:435967|0071-00001:PSH::VarName[object_collisions_report_time],VarValue[60],Type[3],Desc[]
08:13:30:435977|0043-00001:PSH::VarName[www],VarValue[],Type[3],Desc[]
08:13:30:435986|0054-00001:PSH::VarName[maxlogsize],VarValue[1024],Type[3],Desc[]
08:13:30:435996|0055-00001:PSH::VarName[logsbuffersize],VarValue[1],Type[3],Desc[]
08:13:30:436011|0056-00001:PSH::VarName[ent_reqtimeout],VarValue[60],Type[3],Desc[]
08:13:30:436021|0059-00001:PSH::VarName[COMPONENT],VarValue[redisOrder],Type[1],Desc[]
08:13:30:436031|0049-00001:PSH::VarName[statime],VarValue[60],Type[3],Desc[]
08:13:30:436040|0064-00001:PSH::VarName[chain.contentsub.enable],VarValue[0],Type[3],Desc[]
08:13:30:436050|0053-00001:PSH::VarName[cidletimeout],VarValue[5],Type[3],Desc[]
08:13:30:436059|0075-00001:PSH::VarName[ignore_like_type_object_collisions],VarValue[1],Type[3],Desc[]
08:13:30:436070|0073-00001:PSH::VarName[data_dictionary.initial_size],VarValue[15000],Type[3],Desc[]
08:13:30:436080|0053-00001:PSH::VarName[logformat],VarValue[utf8],Type[3],Desc[]
08:13:30:436090|0060-00001:PSH::VarName[cpustat_threshold],VarValue[100],Type[3],Desc[]
08:13:30:436099|0049-00001:PSH::VarName[usemsecs],VarValue[1],Type[3],Desc[]
08:13:30:436109|0059-00001:PSH::VarName[eslib.custom_stats],VarValue[0],Type[3],Desc[]
08:13:30:436119|0049-00001:PSH::VarName[rtdelay],VarValue[60],Type[3],Desc[]
08:13:30:436128|0055-00001:PSH::VarName[maxqueuesize],VarValue[128],Type[3],Desc[]
08:13:30:436138|0064-00001:PSH::VarName[audit_source],VarValue[AUDIT_SERVER],Type[3],Desc[]
08:13:30:436155|0050-00001:PSH::VarName[csretry],VarValue[300],Type[3],Desc[]
08:13:30:436165|0054-00001:PSH::VarName[dtblocksize],VarValue[256],Type[3],Desc[]
08:13:30:436175|0055-00001:PSH::VarName[drecorderownobj],VarValue[],Type[3],Desc[]
08:13:30:436184|0051-00001:PSH::VarName[maxdelay],VarValue[200],Type[3],Desc[]
08:13:30:436198|0076-00001:PSH::VarName[ultra_low_latency.driver_timeout],VarValue[5000],Type[3],Desc[]
08:13:30:436216|0052-00001:PSH::VarName[redirstderr],VarValue[1],Type[3],Desc[]
08:13:30:436237|0055-00001:PSH::VarName[security_level],VarValue[0],Type[3],Desc[]
08:13:30:436248|0074-00001:PSH::VarName[adaptlog.mindiskthroughput],VarValue[50000000],Type[3],Desc[]
08:13:30:436259|0052-00001:PSH::VarName[dlocalscript],VarValue[],Type[3],Desc[]
08:13:30:436270|0054-00001:PSH::VarName[audit_journal],VarValue[1],Type[3],Desc[]
08:13:30:436289|0075-00001:PSH::VarName[trace_dt],VarValue[10],Type[3],Desc[Data Transfer trace level]
08:13:30:436300|0054-00001:PSH::VarName[stack_on_stop],VarValue[0],Type[3],Desc[]
08:13:30:436309|0052-00001:PSH::VarName[dtflushtime],VarValue[2],Type[3],Desc[]
08:13:30:436318|0051-00001:PSH::VarName[dtsyncsend],VarValue[0],Type[3],Desc[]
08:13:30:436327|0060-00001:PSH::VarName[includedciphersuites],VarValue[],Type[3],Desc[]
08:13:30:436337|0064-00001:PSH::VarName[applicationlogsthreadid],VarValue[1],Type[3],Desc[]
08:13:30:436346|0060-00001:PSH::VarName[keystore.server.path],VarValue[],Type[3],Desc[]
08:13:30:436354|0054-00001:PSH::VarName[listenbacklog],VarValue[0],Type[3],Desc[]
08:13:30:436363|0052-00001:PSH::VarName[dinputscript],VarValue[],Type[3],Desc[]
08:13:30:436372|0057-00001:PSH::VarName[e2enative.enable],VarValue[1],Type[3],Desc[]
08:13:30:436381|0049-00001:PSH::VarName[dblogerr],VarValue[0],Type[3],Desc[]
08:13:30:436389|0052-00001:PSH::VarName[debug.supply],VarValue[],Type[3],Desc[]
08:13:30:436398|0052-00001:PSH::VarName[tcp_nodelay],VarValue[1],Type[3],Desc[]
08:13:30:436406|0056-00001:PSH::VarName[eslib.pool_size],VarValue[4],Type[3],Desc[]
08:13:30:436414|0046-00001:PSH::VarName[server],VarValue[],Type[3],Desc[]
08:13:30:436423|0054-00001:PSH::VarName[logsoutput],VarValue[file],Type[3],Desc[]
08:13:30:436431|0048-00001:PSH::VarName[wwwport],VarValue[0],Type[3],Desc[]
08:13:30:436440|0066-00001:PSH::VarName[publish_include_originator],VarValue[],Type[3],Desc[]
08:13:30:436449|0064-00001:PSH::VarName[adaptlog.maxsyncwait],VarValue[2000],Type[3],Desc[]
08:13:30:436457|0054-00001:PSH::VarName[MULTI_INSTANCE],VarValue[],Type[3],Desc[]
08:13:30:436465|0047-00001:PSH::VarName[USER],VarValue[mkv],Type[1],Desc[]
08:13:30:436474|0060-00001:PSH::VarName[debug],VarValue[3],Type[1],Desc[Trace on files]
08:13:30:436482|0055-00001:PSH::VarName[publish_exclude],VarValue[],Type[3],Desc[]
08:13:30:436491|0045-00001:PSH::VarName[DBDIR],VarValue[],Type[3],Desc[]
08:13:30:436499|0060-00001:PSH::VarName[excludedciphersuites],VarValue[],Type[3],Desc[]
08:13:30:436508|0053-00001:PSH::VarName[userecordset],VarValue[0],Type[3],Desc[]
08:13:30:436516|0058-00001:PSH::VarName[ultra_low_latency],VarValue[0],Type[3],Desc[]
08:13:30:436525|0049-00001:PSH::VarName[ctimeout],VarValue[5],Type[3],Desc[]
08:13:30:436539|0051-00001:PSH::VarName[CSPORT],VarValue[20000],Type[1],Desc[]
08:13:30:436548|0049-00001:PSH::VarName[ENABLESSL],VarValue[],Type[3],Desc[]
08:13:30:437675|0056-00001:[INFO] [RedisOrder] Connecting to Redis at cacheuat:6379
08:13:30:794724|0058-00001:[INFO] [RedisOrder] Redis connection test successful: PONG
08:13:30:797049|0051-00001:[INFO] [RedisOrder] === Starting ION REDISORDER ===
08:13:30:797085|0046-00001:[INFO] [RedisOrder] Initializing with args: []
08:13:30:797099|0048-00001:[INFO] [RedisOrder] Created MkvQoS configuration
08:13:30:797111|0060-00001:[INFO] [RedisOrder] Created processing queue and thread pool
08:13:30:797124|0051-00001:[INFO] [RedisOrder] MKV engine started successfully
08:13:30:797134|0041-00001:[INFO] [RedisOrder] Starting heartbeat...
08:13:30:798803|0074-00001:[INFO] [RedisOrder] Heartbeat started on channel: HEARTBEAT:ION:REDISORDER
08:13:30:798835|0052-00001:[INFO] [RedisOrder] Starting Redis queue consumer...
08:13:30:801954|0062-00001:[INFO] [RedisOrder] === REDISORDER initialization complete ===
08:13:30:801993|0049-00001:[INFO] [RedisOrder] REDISORDER components status:
08:13:30:802020|0046-00001:[INFO] [RedisOrder] - Redis Connection: ACTIVE
08:13:30:802036|0041-00001:[INFO] [RedisOrder] - MKV Engine: RUNNING
08:13:30:802047|0050-00001:[INFO] [RedisOrder] - Update Processor: PROCESSING
08:13:30:802058|0053-00001:[INFO] [RedisOrder] - Redis Queue Consumer: LISTENING
08:13:30:802068|0078-00001:[INFO] [RedisOrder] Waiting for Redis messages on queue: ASL_REPO_ORDERS_QUEUE
08:13:30:802078|0062-00001:[INFO] [RedisOrder] Market Data Publisher started successfully
08:13:30:807758|0068-00055:[ERROR] [RedisOrder] Failed to send heartbeat: Format specifier '%s'
08:14:00:799327|0068-00055:[ERROR] [RedisOrder] Failed to send heartbeat: Format specifier '%s'
08:15:18:678158|0029-00001:PSH::Tinfo UTCOffset {-04:00}
08:15:18:678182|0056-00001:JAVA::PropertyName [java.version] PropertyValue [21.0.8]
08:15:18:678202|0067-00001:JAVA::PropertyName [java.vendor] PropertyValue [Oracle Corporation]
08:15:18:678214|0077-00001:JAVA::PropertyName [java.vendor.url] PropertyValue [https://java.oracle.com/]
08:15:18:678225|0075-00001:JAVA::PropertyName [java.home] PropertyValue [C:\Program Files\Java\jdk-21]
08:15:18:678235|0069-00001:JAVA::PropertyName [java.vm.specification.version] PropertyValue [21]
08:15:18:678244|0084-00001:JAVA::PropertyName [java.vm.specification.vendor] PropertyValue [Oracle Corporation]
08:15:18:678256|0098-00001:JAVA::PropertyName [java.vm.specification.name] PropertyValue [Java Virtual Machine Specification]
08:15:18:678266|0070-00001:JAVA::PropertyName [java.vm.version] PropertyValue [21.0.8+12-LTS-250]
08:15:18:678276|0070-00001:JAVA::PropertyName [java.vm.vendor] PropertyValue [Oracle Corporation]
08:15:18:678285|0083-00001:JAVA::PropertyName [java.vm.name] PropertyValue [Java HotSpot(TM) 64-Bit Server VM]
08:15:18:678295|0066-00001:JAVA::PropertyName [java.specification.version] PropertyValue [21]
08:15:18:678304|0081-00001:JAVA::PropertyName [java.specification.vendor] PropertyValue [Oracle Corporation]
08:15:18:678314|0092-00001:JAVA::PropertyName [java.specification.name] PropertyValue [Java Platform API Specification]
08:15:18:678323|0060-00001:JAVA::PropertyName [java.class.version] PropertyValue [65.0]
08:15:18:678333|0342-00001:JAVA::PropertyName [java.class.path] PropertyValue [../lib/commons-pool2-2.11.1.jar;../lib/jackson-annotations-2.18.3.jar;../lib/jackson-core-2.18.3.jar;../lib/jackson-databind-2.18.3.jar;../lib/jedis-5.1.0.jar;../lib/jmkv168p9.jar;../lib/logback-classic-1.2.11.jar;../lib/logback-core-1.2.11.jar;../lib/slf4j-api-1.7.36.jar;..\build\classes]
08:15:18:678349|1925-00001:JAVA::PropertyName [java.library.path] PropertyValue [C:\Program Files\Java\jdk-21\bin;C:\WINDOWS\Sun\Java\bin;C:\WINDOWS\system32;C:\WINDOWS;C:\Program Files\Common Files\Oracle\Java\javapath;C:\Program Files (x86)\Common Files\Oracle\Java\java8path;C:\Program Files (x86)\Common Files\Oracle\Java\javapath;C:\Program Files\Python312\Scripts\;C:\Program Files\Python312\;C:\Program Files\Python313\Scripts\;C:\Program Files\Python313\;C:\Program Files\NVIDIA GPU Computing Toolkit\CUDA\v12.6\bin;C:\Program Files\NVIDIA GPU Computing Toolkit\CUDA\v12.6\libnvvp;C:\WINDOWS\system32;C:\WINDOWS;C:\WINDOWS\System32\Wbem;C:\WINDOWS\System32\WindowsPowerShell\v1.0\;C:\WINDOWS\System32\OpenSSH\;C:\Program Files (x86)\Microsoft SQL Server\160\DTS\Binn\;C:\Program Files\Azure Data Studio\bin;C:\Program Files\Microsoft VS Code\bin;C:\Users\evan.gerhard\Downloads\x13as;C:\Program Files\dotnet\;C:\Program Files\Microsoft SQL Server\150\Tools\Binn\;C:\Program Files\Microsoft SQL Server\Client SDK\ODBC\170\Tools\Binn\;C:\Program Files\SafeNet\Authentication\SAC\x64;C:\Program Files\SafeNet\Authentication\SAC\x32;C:\Program Files\NVIDIA Corporation\Nsight Compute 2024.3.2\;C:\Program Files (x86)\NVIDIA Corporation\PhysX\Common;C:\apache-maven-3.9.9\bin;C:\Program Files\Java\jdk-21\bin;C:\Users\evan.gerhard\AppData\Roaming\Python\Python312\Scripts;C:\Users\evan.gerhard\AppData\Local\Programs\Python\Python312\Scripts\;C:\Users\evan.gerhard\AppData\Local\Programs\Python\Python312\;C:\Users\evan.gerhard\AppData\Local\Programs\Python\Python39\Scripts\;C:\Users\evan.gerhard\AppData\Local\Programs\Python\Python39\;C:\Users\evan.gerhard\AppData\Local\Programs\Python\Python38\Scripts\;C:\Users\evan.gerhard\AppData\Local\Programs\Python\Python38\;C:\Users\evan.gerhard\AppData\Local\Microsoft\WindowsApps;C:\blp\DAPI;C:\blp\DAPI\DDE;C:\Users\evan.gerhard\AppData\Local\GitHubDesktop\bin;C:\Users\evan.gerhard\.dotnet\tools;;.]
08:15:18:678394|0091-00001:JAVA::PropertyName [java.io.tmpdir] PropertyValue [C:\Users\EVAN~1.GER\AppData\Local\Temp\]
08:15:18:678414|0055-00001:JAVA::PropertyName [java.compiler] PropertyValue [null]
08:15:18:678425|0055-00001:JAVA::PropertyName [java.ext.dirs] PropertyValue [null]
08:15:18:678435|0055-00001:JAVA::PropertyName [os.name] PropertyValue [Windows 11]
08:15:18:678443|0050-00001:JAVA::PropertyName [os.arch] PropertyValue [amd64]
08:15:18:678453|0052-00001:JAVA::PropertyName [os.version] PropertyValue [10.0]
08:15:18:678461|0053-00001:JAVA::PropertyName [file.separator] PropertyValue [\]
08:15:18:678470|0053-00001:JAVA::PropertyName [path.separator] PropertyValue [;]
08:15:18:678484|0054-00001:JAVA::PropertyName [line.separator] PropertyValue [
]
08:15:18:678493|0059-00001:JAVA::PropertyName [user.name] PropertyValue [evan.gerhard]
08:15:18:678502|0068-00001:JAVA::PropertyName [user.home] PropertyValue [C:\Users\evan.gerhard]
08:15:18:678512|0119-00001:JAVA::PropertyName [user.dir] PropertyValue [C:\Users\evan.gerhard\Documents\GitHub\ION_jmkv\redisOrder\RUN_redisOrder]
08:15:18:678575|0157-00001:JAVA::PropertyName [command_line] PropertyValue [[-agentpath:C:\Program Files\SentinelOne\Sentinel Agent 24.2.3.471\SentinelJava64.dll=extendedCapabilities]]
08:15:18:678599|0062-00001:PSH::VarName[eslib.low_load_factor],VarValue[1],Type[3],Desc[]
08:15:18:678612|0070-00001:PSH::VarName[registerclientprotocolversion],VarValue[4],Type[3],Desc[]
08:15:18:678624|0050-00001:PSH::VarName[logsasync],VarValue[1],Type[3],Desc[]
08:15:18:678634|0055-00001:PSH::VarName[logcustomstats],VarValue[1],Type[3],Desc[]
08:15:18:678644|0061-00001:PSH::VarName[publishonlyrecordset],VarValue[0],Type[3],Desc[]
08:15:18:678654|0058-00001:PSH::VarName[CSHOST],VarValue[10.74.124.71],Type[1],Desc[]
08:15:18:678664|0052-00001:PSH::VarName[negtimeout],VarValue[16],Type[3],Desc[]
08:15:18:678673|0057-00001:PSH::VarName[winnative.enable],VarValue[1],Type[3],Desc[]
08:15:18:678682|0057-00001:PSH::VarName[traces.broadcast],VarValue[1],Type[3],Desc[]
08:15:18:678691|0050-00001:PSH::VarName[ent_source],VarValue[],Type[3],Desc[]
08:15:18:678701|0066-00001:PSH::VarName[publish_exclude_originator],VarValue[],Type[3],Desc[]
08:15:18:678710|0086-00001:PSH::VarName[excludedsslprotocols],VarValue[SSLv3 SSLv2Hello SSLv2 SSL],Type[3],Desc[]
08:15:18:678719|0051-00001:PSH::VarName[LISTEN],VarValue[17996],Type[1],Desc[]
08:15:18:678728|0055-00001:PSH::VarName[publish_include],VarValue[],Type[3],Desc[]
08:15:18:678737|0055-00001:PSH::VarName[drecorderscript],VarValue[],Type[3],Desc[]
08:15:18:678747|0058-00001:PSH::VarName[resolve_hostnames],VarValue[0],Type[3],Desc[]
08:15:18:678755|0052-00001:PSH::VarName[statime_sub],VarValue[1],Type[3],Desc[]
08:15:18:678764|0054-00001:PSH::VarName[dtflowcontrol],VarValue[1],Type[3],Desc[]
08:15:18:678773|0069-00001:PSH::VarName[connection_failure_threshold],VarValue[5],Type[3],Desc[]
08:15:18:678783|0055-00001:PSH::VarName[drecorderextobj],VarValue[],Type[3],Desc[]
08:15:18:678791|0061-00001:PSH::VarName[full_unicode_support],VarValue[1],Type[3],Desc[]
08:15:18:678801|0059-00001:PSH::VarName[memoryalert.amber],VarValue[45],Type[3],Desc[]
08:15:18:678820|0049-00001:PSH::VarName[logsdays],VarValue[2],Type[3],Desc[]
08:15:18:678830|0051-00001:PSH::VarName[dtblocking],VarValue[1],Type[3],Desc[]
08:15:18:678839|0084-00001:PSH::VarName[debug.eslib],VarValue[1],Type[3],Desc[Trace for ESLib queries on files]
08:15:18:678849|0050-00001:PSH::VarName[gctrace],VarValue[all],Type[3],Desc[]
08:15:18:678858|0055-00001:PSH::VarName[tcp_buffer],VarValue[65536],Type[3],Desc[]
08:15:18:678867|0053-00001:PSH::VarName[syscomponent],VarValue[0],Type[3],Desc[]
08:15:18:678876|0053-00001:PSH::VarName[MONITOR_PORT],VarValue[0],Type[3],Desc[]
08:15:18:678895|0049-00001:PSH::VarName[calive],VarValue[240],Type[3],Desc[]
08:15:18:678904|0072-00001:PSH::VarName[ignore_daemon_object_collisions],VarValue[1],Type[3],Desc[]
08:15:18:678914|0054-00001:PSH::VarName[audit_enabled],VarValue[1],Type[3],Desc[]
08:15:18:678922|0056-00001:PSH::VarName[filebuffer],VarValue[131072],Type[3],Desc[]
08:15:18:678931|0055-00001:PSH::VarName[logsflushtime],VarValue[-1],Type[3],Desc[]
08:15:18:678940|0052-00001:PSH::VarName[mindiskfree],VarValue[0],Type[3],Desc[]
08:15:18:678949|0059-00001:PSH::VarName[deadlock_detection],VarValue[1],Type[3],Desc[]
08:15:18:678957|0056-00001:PSH::VarName[logsasyncwait],VarValue[200],Type[3],Desc[]
08:15:18:678967|0060-00001:PSH::VarName[keystore.client.path],VarValue[],Type[3],Desc[]
08:15:18:678975|0063-00001:PSH::VarName[eslib.high_load_factor],VarValue[2],Type[3],Desc[]
08:15:18:678984|0059-00001:PSH::VarName[tickdata.precision],VarValue[0],Type[3],Desc[]
08:15:18:678994|0056-00001:PSH::VarName[keystores_path],VarValue[.\],Type[3],Desc[]
08:15:18:679003|0047-00001:PSH::VarName[LOGSDIR],VarValue[],Type[3],Desc[]
08:15:18:679011|0057-00001:PSH::VarName[memoryalert.red],VarValue[50],Type[3],Desc[]
08:15:18:679020|0071-00001:PSH::VarName[object_collisions_report_time],VarValue[60],Type[3],Desc[]
08:15:18:679035|0043-00001:PSH::VarName[www],VarValue[],Type[3],Desc[]
08:15:18:679044|0054-00001:PSH::VarName[maxlogsize],VarValue[1024],Type[3],Desc[]
08:15:18:679052|0055-00001:PSH::VarName[logsbuffersize],VarValue[1],Type[3],Desc[]
08:15:18:679061|0056-00001:PSH::VarName[ent_reqtimeout],VarValue[60],Type[3],Desc[]
08:15:18:679070|0059-00001:PSH::VarName[COMPONENT],VarValue[redisOrder],Type[1],Desc[]
08:15:18:679079|0049-00001:PSH::VarName[statime],VarValue[60],Type[3],Desc[]
08:15:18:679088|0064-00001:PSH::VarName[chain.contentsub.enable],VarValue[0],Type[3],Desc[]
08:15:18:679097|0053-00001:PSH::VarName[cidletimeout],VarValue[5],Type[3],Desc[]
08:15:18:679105|0075-00001:PSH::VarName[ignore_like_type_object_collisions],VarValue[1],Type[3],Desc[]
08:15:18:679114|0073-00001:PSH::VarName[data_dictionary.initial_size],VarValue[15000],Type[3],Desc[]
08:15:18:679123|0053-00001:PSH::VarName[logformat],VarValue[utf8],Type[3],Desc[]
08:15:18:679131|0060-00001:PSH::VarName[cpustat_threshold],VarValue[100],Type[3],Desc[]
08:15:18:679140|0049-00001:PSH::VarName[usemsecs],VarValue[1],Type[3],Desc[]
08:15:18:679148|0059-00001:PSH::VarName[eslib.custom_stats],VarValue[0],Type[3],Desc[]
08:15:18:679157|0049-00001:PSH::VarName[rtdelay],VarValue[60],Type[3],Desc[]
08:15:18:679166|0055-00001:PSH::VarName[maxqueuesize],VarValue[128],Type[3],Desc[]
08:15:18:679174|0064-00001:PSH::VarName[audit_source],VarValue[AUDIT_SERVER],Type[3],Desc[]
08:15:18:679190|0050-00001:PSH::VarName[csretry],VarValue[300],Type[3],Desc[]
08:15:18:679199|0054-00001:PSH::VarName[dtblocksize],VarValue[256],Type[3],Desc[]
08:15:18:679209|0055-00001:PSH::VarName[drecorderownobj],VarValue[],Type[3],Desc[]
08:15:18:679217|0051-00001:PSH::VarName[maxdelay],VarValue[200],Type[3],Desc[]
08:15:18:679231|0076-00001:PSH::VarName[ultra_low_latency.driver_timeout],VarValue[5000],Type[3],Desc[]
08:15:18:679249|0052-00001:PSH::VarName[redirstderr],VarValue[1],Type[3],Desc[]
08:15:18:679260|0055-00001:PSH::VarName[security_level],VarValue[0],Type[3],Desc[]
08:15:18:679269|0074-00001:PSH::VarName[adaptlog.mindiskthroughput],VarValue[50000000],Type[3],Desc[]
08:15:18:679280|0052-00001:PSH::VarName[dlocalscript],VarValue[],Type[3],Desc[]
08:15:18:679290|0054-00001:PSH::VarName[audit_journal],VarValue[1],Type[3],Desc[]
08:15:18:679305|0075-00001:PSH::VarName[trace_dt],VarValue[10],Type[3],Desc[Data Transfer trace level]
08:15:18:679316|0054-00001:PSH::VarName[stack_on_stop],VarValue[0],Type[3],Desc[]
08:15:18:679325|0052-00001:PSH::VarName[dtflushtime],VarValue[2],Type[3],Desc[]
08:15:18:679334|0051-00001:PSH::VarName[dtsyncsend],VarValue[0],Type[3],Desc[]
08:15:18:679343|0060-00001:PSH::VarName[includedciphersuites],VarValue[],Type[3],Desc[]
08:15:18:679351|0064-00001:PSH::VarName[applicationlogsthreadid],VarValue[1],Type[3],Desc[]
08:15:18:679360|0060-00001:PSH::VarName[keystore.server.path],VarValue[],Type[3],Desc[]
08:15:18:679369|0054-00001:PSH::VarName[listenbacklog],VarValue[0],Type[3],Desc[]
08:15:18:679378|0052-00001:PSH::VarName[dinputscript],VarValue[],Type[3],Desc[]
08:15:18:679388|0057-00001:PSH::VarName[e2enative.enable],VarValue[1],Type[3],Desc[]
08:15:18:679397|0049-00001:PSH::VarName[dblogerr],VarValue[0],Type[3],Desc[]
08:15:18:679406|0052-00001:PSH::VarName[debug.supply],VarValue[],Type[3],Desc[]
08:15:18:679415|0052-00001:PSH::VarName[tcp_nodelay],VarValue[1],Type[3],Desc[]
08:15:18:679424|0056-00001:PSH::VarName[eslib.pool_size],VarValue[4],Type[3],Desc[]
08:15:18:679433|0046-00001:PSH::VarName[server],VarValue[],Type[3],Desc[]
08:15:18:679442|0054-00001:PSH::VarName[logsoutput],VarValue[file],Type[3],Desc[]
08:15:18:679451|0048-00001:PSH::VarName[wwwport],VarValue[0],Type[3],Desc[]
08:15:18:679459|0066-00001:PSH::VarName[publish_include_originator],VarValue[],Type[3],Desc[]
08:15:18:679469|0064-00001:PSH::VarName[adaptlog.maxsyncwait],VarValue[2000],Type[3],Desc[]
08:15:18:679478|0054-00001:PSH::VarName[MULTI_INSTANCE],VarValue[],Type[3],Desc[]
08:15:18:679486|0047-00001:PSH::VarName[USER],VarValue[mkv],Type[1],Desc[]
08:15:18:679495|0060-00001:PSH::VarName[debug],VarValue[3],Type[1],Desc[Trace on files]
08:15:18:679505|0055-00001:PSH::VarName[publish_exclude],VarValue[],Type[3],Desc[]
08:15:18:679513|0045-00001:PSH::VarName[DBDIR],VarValue[],Type[3],Desc[]
08:15:18:679528|0060-00001:PSH::VarName[excludedciphersuites],VarValue[],Type[3],Desc[]
08:15:18:679537|0053-00001:PSH::VarName[userecordset],VarValue[0],Type[3],Desc[]
08:15:18:679546|0058-00001:PSH::VarName[ultra_low_latency],VarValue[0],Type[3],Desc[]
08:15:18:679555|0049-00001:PSH::VarName[ctimeout],VarValue[5],Type[3],Desc[]
08:15:18:679563|0051-00001:PSH::VarName[CSPORT],VarValue[20000],Type[1],Desc[]
08:15:18:679572|0049-00001:PSH::VarName[ENABLESSL],VarValue[],Type[3],Desc[]
08:15:18:680844|0056-00001:[INFO] [RedisOrder] Connecting to Redis at cacheuat:6379
08:15:19:043379|0058-00001:[INFO] [RedisOrder] Redis connection test successful: PONG
08:15:19:043853|0051-00001:[INFO] [RedisOrder] === Starting ION REDISORDER ===
08:15:19:043881|0046-00001:[INFO] [RedisOrder] Initializing with args: []
08:15:19:043894|0048-00001:[INFO] [RedisOrder] Created MkvQoS configuration
08:15:19:043905|0060-00001:[INFO] [RedisOrder] Created processing queue and thread pool
08:15:19:043915|0051-00001:[INFO] [RedisOrder] MKV engine started successfully
08:15:19:043924|0041-00001:[INFO] [RedisOrder] Starting heartbeat...
08:15:19:044646|0074-00001:[INFO] [RedisOrder] Heartbeat started on channel: HEARTBEAT:ION:REDISORDER
08:15:19:044669|0052-00001:[INFO] [RedisOrder] Starting Redis queue consumer...
08:15:19:048139|0062-00001:[INFO] [RedisOrder] === REDISORDER initialization complete ===
08:15:19:048171|0049-00001:[INFO] [RedisOrder] REDISORDER components status:
08:15:19:048183|0046-00001:[INFO] [RedisOrder] - Redis Connection: ACTIVE
08:15:19:048193|0041-00001:[INFO] [RedisOrder] - MKV Engine: RUNNING
08:15:19:048203|0050-00001:[INFO] [RedisOrder] - Update Processor: PROCESSING
08:15:19:048212|0053-00001:[INFO] [RedisOrder] - Redis Queue Consumer: LISTENING
08:15:19:048221|0078-00001:[INFO] [RedisOrder] Waiting for Redis messages on queue: ASL_REPO_ORDERS_QUEUE
08:15:19:048230|0062-00001:[INFO] [RedisOrder] Market Data Publisher started successfully
08:15:19:054344|0068-00055:[ERROR] [RedisOrder] Failed to send heartbeat: Format specifier '%s'
08:15:49:044776|0068-00055:[ERROR] [RedisOrder] Failed to send heartbeat: Format specifier '%s'
08:16:18:642611|1121-00033:Pinfo Component {redisOrder} Type {PUB} APIVersion {1.6.8-p9d8} ApplVersion {1.0.0} SysUtilsKind {win} NanoTimeKind {generic} FReq {60} PID {15680} MemSize {39015} MemPct {0.23} JVMVersion {21.0.8,Java HotSpot(TM) 64-Bit Server VM} JVMTotalMemory {1048576} JVMFreeMemory {1009560} JVMMaxTotalMemory {16744448} CPUTime {00:00:04:109} CPUAvg {4.14} CPUPeak {259.65} CPUPeakTime {08:15:18:628} Pub {2847} PubLoc {0} SubRec {40} SubRecLoc {40} SubField {91} SubFieldLoc {91} SupRec {40} SupRecLoc {0} SupField {91} SupFieldLoc {0} UpdRec {40} UpdRecLoc {0} UpdField {91} UpdFieldLoc {0} UpdRecSub {0} MsgRecSnpRecv {40} MsgFieldSnpRecv {91} MsgRecSnpSent {0} MsgFieldSnpSent {0} MsgRecRecv {40} MsgFieldRecv {91} MsgRecSent {0} MsgFieldSent {0} pUpdRec {40} pUpdRecLoc {0} pUpdField {91} pUpdFieldLoc {0} pUpdRecSub {0} pMsgRecSnpRecv {40} pMsgFieldSnpRecv {91} pMsgRecSnpSent {0} pMsgFieldSnpSent {0} pMsgRecRecv {40} pMsgFieldRecv {91} pMsgRecSent {0} pMsgFieldSent {0} WLogBytes {645800} AvgIOTPut {91740773} SyncLogWaitMsecs {0} SyncLogThreadsSus {0} LostLogTraces {0} ClientID {1313} PlatformID {7355} UTCOffset {-04:00}
08:16:18:642650|0119-00033:PSH::HWINFO arch {amd64} numproc {12} mem {66951348K} os {Windows 11} osversion {10.0} timezone {Eastern Standard Time}
08:16:18:642772|0536-00033:Cinfo TSlice {60} From {redisOrder} To {ROUTER_US} RTDAvg {21.0} RTDMsg {45} RTDPeak {27.0} RTDPeakTime {08:16:11:684} RTDPeakQueueSize {0} CurrentQueueSize {0} QueuePoolSize {1} SubRecIn {0} SubRecOut {0} MsgRecRecv {0} MsgRecSnpRecv {0} MsgRecSent {0} MsgRecSnpSent {0} MsgRecDisc {0} MsgRecSus {0} PeakMsgRecQueued {0} PubMsgIn {1686} PubMsgOut {0} SubMsgIn {0} SubMsgOut {0} FcMsgIn {0} FcMsgOut {0} TrMsgIn {0} TrMsgOut {0} BytesIn {88792.0} BytesOut {3454.0} UltraLowLatency {false} NotifyTime {17849} SSLEnabled {0} TLSVersion {}
08:16:19:046597|0068-00055:[ERROR] [RedisOrder] Failed to send heartbeat: Format specifier '%s'
08:16:49:045389|0068-00055:[ERROR] [RedisOrder] Failed to send heartbeat: Format specifier '%s'
08:17:18:650536|1111-00033:Pinfo Component {redisOrder} Type {PUB} APIVersion {1.6.8-p9d8} ApplVersion {1.0.0} SysUtilsKind {win} NanoTimeKind {generic} FReq {60} PID {15680} MemSize {39427} MemPct {0.24} JVMVersion {21.0.8,Java HotSpot(TM) 64-Bit Server VM} JVMTotalMemory {1048576} JVMFreeMemory {1009148} JVMMaxTotalMemory {16744448} CPUTime {00:00:05:578} CPUAvg {2.45} CPUPeak {10.9} CPUPeakTime {08:16:47:677} Pub {2847} PubLoc {0} SubRec {40} SubRecLoc {40} SubField {91} SubFieldLoc {91} SupRec {40} SupRecLoc {0} SupField {91} SupFieldLoc {0} UpdRec {40} UpdRecLoc {0} UpdField {91} UpdFieldLoc {0} UpdRecSub {0} MsgRecSnpRecv {40} MsgFieldSnpRecv {91} MsgRecSnpSent {0} MsgFieldSnpSent {0} MsgRecRecv {40} MsgFieldRecv {91} MsgRecSent {0} MsgFieldSent {0} pUpdRec {0} pUpdRecLoc {0} pUpdField {0} pUpdFieldLoc {0} pUpdRecSub {0} pMsgRecSnpRecv {0} pMsgFieldSnpRecv {0} pMsgRecSnpSent {0} pMsgFieldSnpSent {0} pMsgRecRecv {0} pMsgFieldRecv {0} pMsgRecSent {0} pMsgFieldSent {0} WLogBytes {11183} AvgIOTPut {3069217} SyncLogWaitMsecs {0} SyncLogThreadsSus {0} LostLogTraces {0} ClientID {1313} PlatformID {7355} UTCOffset {-04:00}
08:17:18:650580|0119-00033:PSH::HWINFO arch {amd64} numproc {12} mem {66951348K} os {Windows 11} osversion {10.0} timezone {Eastern Standard Time}
08:17:18:650679|0535-00033:Cinfo TSlice {60} From {redisOrder} To {ROUTER_US} RTDAvg {21.0} RTDMsg {60} RTDPeak {27.0} RTDPeakTime {08:16:24:691} RTDPeakQueueSize {0} CurrentQueueSize {0} QueuePoolSize {1} SubRecIn {0} SubRecOut {0} MsgRecRecv {0} MsgRecSnpRecv {0} MsgRecSent {0} MsgRecSnpSent {0} MsgRecDisc {0} MsgRecSus {0} PeakMsgRecQueued {0} PubMsgIn {1686} PubMsgOut {0} SubMsgIn {0} SubMsgOut {0} FcMsgIn {0} FcMsgOut {0} TrMsgIn {0} TrMsgOut {0} BytesIn {93112.0} BytesOut {7774.0} UltraLowLatency {false} NotifyTime {2333} SSLEnabled {0} TLSVersion {}
08:17:19:045118|0068-00055:[ERROR] [RedisOrder] Failed to send heartbeat: Format specifier '%s'
08:17:49:044892|0068-00055:[ERROR] [RedisOrder] Failed to send heartbeat: Format specifier '%s'
