08:13:30:414987|0029-PSH::Tinfo UTCOffset {-04:00}
08:13:30:415027|0056-JAVA::PropertyName [java.version] PropertyValue [21.0.8]
08:13:30:415046|0067-JAVA::PropertyName [java.vendor] PropertyValue [Oracle Corporation]
08:13:30:415064|0077-JAVA::PropertyName [java.vendor.url] PropertyValue [https://java.oracle.com/]
08:13:30:415080|0075-JAVA::PropertyName [java.home] PropertyValue [C:\Program Files\Java\jdk-21]
08:13:30:415113|0069-JAVA::PropertyName [java.vm.specification.version] PropertyValue [21]
08:13:30:415131|0084-JAVA::PropertyName [java.vm.specification.vendor] PropertyValue [Oracle Corporation]
08:13:30:415148|0098-JAVA::PropertyName [java.vm.specification.name] PropertyValue [Java Virtual Machine Specification]
08:13:30:415164|0070-JAVA::PropertyName [java.vm.version] PropertyValue [21.0.8+12-LTS-250]
08:13:30:415191|0070-JAVA::PropertyName [java.vm.vendor] PropertyValue [Oracle Corporation]
08:13:30:415208|0083-JAVA::PropertyName [java.vm.name] PropertyValue [Java HotSpot(TM) 64-Bit Server VM]
08:13:30:415225|0066-JAVA::PropertyName [java.specification.version] PropertyValue [21]
08:13:30:415243|0081-JAVA::PropertyName [java.specification.vendor] PropertyValue [Oracle Corporation]
08:13:30:415261|0092-JAVA::PropertyName [java.specification.name] PropertyValue [Java Platform API Specification]
08:13:30:415278|0060-JAVA::PropertyName [java.class.version] PropertyValue [65.0]
08:13:30:415293|0342-JAVA::PropertyName [java.class.path] PropertyValue [../lib/commons-pool2-2.11.1.jar;../lib/jackson-annotations-2.18.3.jar;../lib/jackson-core-2.18.3.jar;../lib/jackson-databind-2.18.3.jar;../lib/jedis-5.1.0.jar;../lib/jmkv168p9.jar;../lib/logback-classic-1.2.11.jar;../lib/logback-core-1.2.11.jar;../lib/slf4j-api-1.7.36.jar;..\build\classes]
08:13:30:415323|1925-JAVA::PropertyName [java.library.path] PropertyValue [C:\Program Files\Java\jdk-21\bin;C:\WINDOWS\Sun\Java\bin;C:\WINDOWS\system32;C:\WINDOWS;C:\Program Files\Common Files\Oracle\Java\javapath;C:\Program Files (x86)\Common Files\Oracle\Java\java8path;C:\Program Files (x86)\Common Files\Oracle\Java\javapath;C:\Program Files\Python312\Scripts\;C:\Program Files\Python312\;C:\Program Files\Python313\Scripts\;C:\Program Files\Python313\;C:\Program Files\NVIDIA GPU Computing Toolkit\CUDA\v12.6\bin;C:\Program Files\NVIDIA GPU Computing Toolkit\CUDA\v12.6\libnvvp;C:\WINDOWS\system32;C:\WINDOWS;C:\WINDOWS\System32\Wbem;C:\WINDOWS\System32\WindowsPowerShell\v1.0\;C:\WINDOWS\System32\OpenSSH\;C:\Program Files (x86)\Microsoft SQL Server\160\DTS\Binn\;C:\Program Files\Azure Data Studio\bin;C:\Program Files\Microsoft VS Code\bin;C:\Users\evan.gerhard\Downloads\x13as;C:\Program Files\dotnet\;C:\Program Files\Microsoft SQL Server\150\Tools\Binn\;C:\Program Files\Microsoft SQL Server\Client SDK\ODBC\170\Tools\Binn\;C:\Program Files\SafeNet\Authentication\SAC\x64;C:\Program Files\SafeNet\Authentication\SAC\x32;C:\Program Files\NVIDIA Corporation\Nsight Compute 2024.3.2\;C:\Program Files (x86)\NVIDIA Corporation\PhysX\Common;C:\apache-maven-3.9.9\bin;C:\Program Files\Java\jdk-21\bin;C:\Users\evan.gerhard\AppData\Roaming\Python\Python312\Scripts;C:\Users\evan.gerhard\AppData\Local\Programs\Python\Python312\Scripts\;C:\Users\evan.gerhard\AppData\Local\Programs\Python\Python312\;C:\Users\evan.gerhard\AppData\Local\Programs\Python\Python39\Scripts\;C:\Users\evan.gerhard\AppData\Local\Programs\Python\Python39\;C:\Users\evan.gerhard\AppData\Local\Programs\Python\Python38\Scripts\;C:\Users\evan.gerhard\AppData\Local\Programs\Python\Python38\;C:\Users\evan.gerhard\AppData\Local\Microsoft\WindowsApps;C:\blp\DAPI;C:\blp\DAPI\DDE;C:\Users\evan.gerhard\AppData\Local\GitHubDesktop\bin;C:\Users\evan.gerhard\.dotnet\tools;;.]
08:13:30:415424|0091-JAVA::PropertyName [java.io.tmpdir] PropertyValue [C:\Users\EVAN~1.GER\AppData\Local\Temp\]
08:13:30:415450|0055-JAVA::PropertyName [java.compiler] PropertyValue [null]
08:13:30:415467|0055-JAVA::PropertyName [java.ext.dirs] PropertyValue [null]
08:13:30:415483|0055-JAVA::PropertyName [os.name] PropertyValue [Windows 11]
08:13:30:415497|0050-JAVA::PropertyName [os.arch] PropertyValue [amd64]
08:13:30:415511|0052-JAVA::PropertyName [os.version] PropertyValue [10.0]
08:13:30:415526|0053-JAVA::PropertyName [file.separator] PropertyValue [\]
08:13:30:415540|0053-JAVA::PropertyName [path.separator] PropertyValue [;]
08:13:30:415554|0054-JAVA::PropertyName [line.separator] PropertyValue [
]
08:13:30:415569|0059-JAVA::PropertyName [user.name] PropertyValue [evan.gerhard]
08:13:30:415584|0068-JAVA::PropertyName [user.home] PropertyValue [C:\Users\evan.gerhard]
08:13:30:415599|0119-JAVA::PropertyName [user.dir] PropertyValue [C:\Users\evan.gerhard\Documents\GitHub\ION_jmkv\redisOrder\RUN_redisOrder]
08:13:30:415701|0157-JAVA::PropertyName [command_line] PropertyValue [[-agentpath:C:\Program Files\SentinelOne\Sentinel Agent 24.2.3.471\SentinelJava64.dll=extendedCapabilities]]
08:13:30:415758|0062-PSH::VarName[eslib.low_load_factor],VarValue[1],Type[3],Desc[]
08:13:30:415799|0070-PSH::VarName[registerclientprotocolversion],VarValue[4],Type[3],Desc[]
08:13:30:415816|0050-PSH::VarName[logsasync],VarValue[1],Type[3],Desc[]
08:13:30:415829|0055-PSH::VarName[logcustomstats],VarValue[1],Type[3],Desc[]
08:13:30:415842|0061-PSH::VarName[publishonlyrecordset],VarValue[0],Type[3],Desc[]
08:13:30:415855|0058-PSH::VarName[CSHOST],VarValue[10.74.124.71],Type[1],Desc[]
08:13:30:415868|0052-PSH::VarName[negtimeout],VarValue[16],Type[3],Desc[]
08:13:30:415880|0057-PSH::VarName[winnative.enable],VarValue[1],Type[3],Desc[]
08:13:30:415892|0057-PSH::VarName[traces.broadcast],VarValue[1],Type[3],Desc[]
08:13:30:415903|0050-PSH::VarName[ent_source],VarValue[],Type[3],Desc[]
08:13:30:415916|0066-PSH::VarName[publish_exclude_originator],VarValue[],Type[3],Desc[]
08:13:30:415928|0086-PSH::VarName[excludedsslprotocols],VarValue[SSLv3 SSLv2Hello SSLv2 SSL],Type[3],Desc[]
08:13:30:415952|0051-PSH::VarName[LISTEN],VarValue[17996],Type[1],Desc[]
08:13:30:415966|0055-PSH::VarName[publish_include],VarValue[],Type[3],Desc[]
08:13:30:415978|0055-PSH::VarName[drecorderscript],VarValue[],Type[3],Desc[]
08:13:30:415990|0058-PSH::VarName[resolve_hostnames],VarValue[0],Type[3],Desc[]
08:13:30:416002|0052-PSH::VarName[statime_sub],VarValue[1],Type[3],Desc[]
08:13:30:416013|0054-PSH::VarName[dtflowcontrol],VarValue[1],Type[3],Desc[]
08:13:30:416025|0069-PSH::VarName[connection_failure_threshold],VarValue[5],Type[3],Desc[]
08:13:30:416043|0055-PSH::VarName[drecorderextobj],VarValue[],Type[3],Desc[]
08:13:30:416055|0061-PSH::VarName[full_unicode_support],VarValue[1],Type[3],Desc[]
08:13:30:416067|0059-PSH::VarName[memoryalert.amber],VarValue[45],Type[3],Desc[]
08:13:30:416080|0049-PSH::VarName[logsdays],VarValue[2],Type[3],Desc[]
08:13:30:416091|0051-PSH::VarName[dtblocking],VarValue[1],Type[3],Desc[]
08:13:30:416103|0084-PSH::VarName[debug.eslib],VarValue[1],Type[3],Desc[Trace for ESLib queries on files]
08:13:30:416115|0050-PSH::VarName[gctrace],VarValue[all],Type[3],Desc[]
08:13:30:416126|0055-PSH::VarName[tcp_buffer],VarValue[65536],Type[3],Desc[]
08:13:30:416140|0053-PSH::VarName[syscomponent],VarValue[0],Type[3],Desc[]
08:13:30:416151|0053-PSH::VarName[MONITOR_PORT],VarValue[0],Type[3],Desc[]
08:13:30:416162|0049-PSH::VarName[calive],VarValue[240],Type[3],Desc[]
08:13:30:416174|0072-PSH::VarName[ignore_daemon_object_collisions],VarValue[1],Type[3],Desc[]
08:13:30:416185|0054-PSH::VarName[audit_enabled],VarValue[1],Type[3],Desc[]
08:13:30:416197|0056-PSH::VarName[filebuffer],VarValue[131072],Type[3],Desc[]
08:13:30:416208|0055-PSH::VarName[logsflushtime],VarValue[-1],Type[3],Desc[]
08:13:30:416219|0052-PSH::VarName[mindiskfree],VarValue[0],Type[3],Desc[]
08:13:30:416256|0059-PSH::VarName[deadlock_detection],VarValue[1],Type[3],Desc[]
08:13:30:416269|0056-PSH::VarName[logsasyncwait],VarValue[200],Type[3],Desc[]
08:13:30:416280|0060-PSH::VarName[keystore.client.path],VarValue[],Type[3],Desc[]
08:13:30:416292|0063-PSH::VarName[eslib.high_load_factor],VarValue[2],Type[3],Desc[]
08:13:30:416314|0059-PSH::VarName[tickdata.precision],VarValue[0],Type[3],Desc[]
08:13:30:416326|0056-PSH::VarName[keystores_path],VarValue[.\],Type[3],Desc[]
08:13:30:416338|0047-PSH::VarName[LOGSDIR],VarValue[],Type[3],Desc[]
08:13:30:416351|0057-PSH::VarName[memoryalert.red],VarValue[50],Type[3],Desc[]
08:13:30:416363|0071-PSH::VarName[object_collisions_report_time],VarValue[60],Type[3],Desc[]
08:13:30:416375|0043-PSH::VarName[www],VarValue[],Type[3],Desc[]
08:13:30:416386|0054-PSH::VarName[maxlogsize],VarValue[1024],Type[3],Desc[]
08:13:30:416397|0055-PSH::VarName[logsbuffersize],VarValue[1],Type[3],Desc[]
08:13:30:416408|0056-PSH::VarName[ent_reqtimeout],VarValue[60],Type[3],Desc[]
08:13:30:416419|0059-PSH::VarName[COMPONENT],VarValue[redisOrder],Type[1],Desc[]
08:13:30:416431|0049-PSH::VarName[statime],VarValue[60],Type[3],Desc[]
08:13:30:416442|0064-PSH::VarName[chain.contentsub.enable],VarValue[0],Type[3],Desc[]
08:13:30:416453|0053-PSH::VarName[cidletimeout],VarValue[5],Type[3],Desc[]
08:13:30:416464|0075-PSH::VarName[ignore_like_type_object_collisions],VarValue[1],Type[3],Desc[]
08:13:30:416476|0073-PSH::VarName[data_dictionary.initial_size],VarValue[15000],Type[3],Desc[]
08:13:30:416499|0053-PSH::VarName[logformat],VarValue[utf8],Type[3],Desc[]
08:13:30:416511|0060-PSH::VarName[cpustat_threshold],VarValue[100],Type[3],Desc[]
08:13:30:416523|0049-PSH::VarName[usemsecs],VarValue[1],Type[3],Desc[]
08:13:30:416534|0059-PSH::VarName[eslib.custom_stats],VarValue[0],Type[3],Desc[]
08:13:30:416546|0049-PSH::VarName[rtdelay],VarValue[60],Type[3],Desc[]
08:13:30:416557|0055-PSH::VarName[maxqueuesize],VarValue[128],Type[3],Desc[]
08:13:30:416569|0064-PSH::VarName[audit_source],VarValue[AUDIT_SERVER],Type[3],Desc[]
08:13:30:416580|0050-PSH::VarName[csretry],VarValue[300],Type[3],Desc[]
08:13:30:416591|0054-PSH::VarName[dtblocksize],VarValue[256],Type[3],Desc[]
08:13:30:416603|0055-PSH::VarName[drecorderownobj],VarValue[],Type[3],Desc[]
08:13:30:416615|0051-PSH::VarName[maxdelay],VarValue[200],Type[3],Desc[]
08:13:30:416626|0076-PSH::VarName[ultra_low_latency.driver_timeout],VarValue[5000],Type[3],Desc[]
08:13:30:416656|0052-PSH::VarName[redirstderr],VarValue[1],Type[3],Desc[]
08:13:30:416669|0055-PSH::VarName[security_level],VarValue[0],Type[3],Desc[]
08:13:30:416680|0074-PSH::VarName[adaptlog.mindiskthroughput],VarValue[50000000],Type[3],Desc[]
08:13:30:416691|0052-PSH::VarName[dlocalscript],VarValue[],Type[3],Desc[]
08:13:30:416704|0054-PSH::VarName[audit_journal],VarValue[1],Type[3],Desc[]
08:13:30:416716|0075-PSH::VarName[trace_dt],VarValue[10],Type[3],Desc[Data Transfer trace level]
08:13:30:416727|0054-PSH::VarName[stack_on_stop],VarValue[0],Type[3],Desc[]
08:13:30:416738|0052-PSH::VarName[dtflushtime],VarValue[2],Type[3],Desc[]
08:13:30:416749|0051-PSH::VarName[dtsyncsend],VarValue[0],Type[3],Desc[]
08:13:30:416771|0060-PSH::VarName[includedciphersuites],VarValue[],Type[3],Desc[]
08:13:30:416783|0064-PSH::VarName[applicationlogsthreadid],VarValue[1],Type[3],Desc[]
08:13:30:416794|0060-PSH::VarName[keystore.server.path],VarValue[],Type[3],Desc[]
08:13:30:416804|0054-PSH::VarName[listenbacklog],VarValue[0],Type[3],Desc[]
08:13:30:416816|0052-PSH::VarName[dinputscript],VarValue[],Type[3],Desc[]
08:13:30:416827|0057-PSH::VarName[e2enative.enable],VarValue[1],Type[3],Desc[]
08:13:30:416839|0049-PSH::VarName[dblogerr],VarValue[0],Type[3],Desc[]
08:13:30:416850|0052-PSH::VarName[debug.supply],VarValue[],Type[3],Desc[]
08:13:30:416862|0052-PSH::VarName[tcp_nodelay],VarValue[1],Type[3],Desc[]
08:13:30:416874|0056-PSH::VarName[eslib.pool_size],VarValue[4],Type[3],Desc[]
08:13:30:416888|0046-PSH::VarName[server],VarValue[],Type[3],Desc[]
08:13:30:416921|0054-PSH::VarName[logsoutput],VarValue[file],Type[3],Desc[]
08:13:30:416933|0048-PSH::VarName[wwwport],VarValue[0],Type[3],Desc[]
08:13:30:416944|0066-PSH::VarName[publish_include_originator],VarValue[],Type[3],Desc[]
08:13:30:416955|0064-PSH::VarName[adaptlog.maxsyncwait],VarValue[2000],Type[3],Desc[]
08:13:30:416965|0054-PSH::VarName[MULTI_INSTANCE],VarValue[],Type[3],Desc[]
08:13:30:416975|0047-PSH::VarName[USER],VarValue[mkv],Type[1],Desc[]
08:13:30:416985|0060-PSH::VarName[debug],VarValue[3],Type[1],Desc[Trace on files]
08:13:30:416994|0055-PSH::VarName[publish_exclude],VarValue[],Type[3],Desc[]
08:13:30:417004|0045-PSH::VarName[DBDIR],VarValue[],Type[3],Desc[]
08:13:30:417013|0060-PSH::VarName[excludedciphersuites],VarValue[],Type[3],Desc[]
08:13:30:417024|0053-PSH::VarName[userecordset],VarValue[0],Type[3],Desc[]
08:13:30:417033|0058-PSH::VarName[ultra_low_latency],VarValue[0],Type[3],Desc[]
08:13:30:417043|0049-PSH::VarName[ctimeout],VarValue[5],Type[3],Desc[]
08:13:30:417053|0051-PSH::VarName[CSPORT],VarValue[20000],Type[1],Desc[]
08:13:30:417063|0049-PSH::VarName[ENABLESSL],VarValue[],Type[3],Desc[]
08:15:18:656652|0029-PSH::Tinfo UTCOffset {-04:00}
08:15:18:656693|0056-JAVA::PropertyName [java.version] PropertyValue [21.0.8]
08:15:18:656713|0067-JAVA::PropertyName [java.vendor] PropertyValue [Oracle Corporation]
08:15:18:656729|0077-JAVA::PropertyName [java.vendor.url] PropertyValue [https://java.oracle.com/]
08:15:18:656746|0075-JAVA::PropertyName [java.home] PropertyValue [C:\Program Files\Java\jdk-21]
08:15:18:656779|0069-JAVA::PropertyName [java.vm.specification.version] PropertyValue [21]
08:15:18:656797|0084-JAVA::PropertyName [java.vm.specification.vendor] PropertyValue [Oracle Corporation]
08:15:18:656814|0098-JAVA::PropertyName [java.vm.specification.name] PropertyValue [Java Virtual Machine Specification]
08:15:18:656831|0070-JAVA::PropertyName [java.vm.version] PropertyValue [21.0.8+12-LTS-250]
08:15:18:656857|0070-JAVA::PropertyName [java.vm.vendor] PropertyValue [Oracle Corporation]
08:15:18:656875|0083-JAVA::PropertyName [java.vm.name] PropertyValue [Java HotSpot(TM) 64-Bit Server VM]
08:15:18:656891|0066-JAVA::PropertyName [java.specification.version] PropertyValue [21]
08:15:18:656906|0081-JAVA::PropertyName [java.specification.vendor] PropertyValue [Oracle Corporation]
08:15:18:656924|0092-JAVA::PropertyName [java.specification.name] PropertyValue [Java Platform API Specification]
08:15:18:656944|0060-JAVA::PropertyName [java.class.version] PropertyValue [65.0]
08:15:18:656961|0342-JAVA::PropertyName [java.class.path] PropertyValue [../lib/commons-pool2-2.11.1.jar;../lib/jackson-annotations-2.18.3.jar;../lib/jackson-core-2.18.3.jar;../lib/jackson-databind-2.18.3.jar;../lib/jedis-5.1.0.jar;../lib/jmkv168p9.jar;../lib/logback-classic-1.2.11.jar;../lib/logback-core-1.2.11.jar;../lib/slf4j-api-1.7.36.jar;..\build\classes]
08:15:18:656989|1925-JAVA::PropertyName [java.library.path] PropertyValue [C:\Program Files\Java\jdk-21\bin;C:\WINDOWS\Sun\Java\bin;C:\WINDOWS\system32;C:\WINDOWS;C:\Program Files\Common Files\Oracle\Java\javapath;C:\Program Files (x86)\Common Files\Oracle\Java\java8path;C:\Program Files (x86)\Common Files\Oracle\Java\javapath;C:\Program Files\Python312\Scripts\;C:\Program Files\Python312\;C:\Program Files\Python313\Scripts\;C:\Program Files\Python313\;C:\Program Files\NVIDIA GPU Computing Toolkit\CUDA\v12.6\bin;C:\Program Files\NVIDIA GPU Computing Toolkit\CUDA\v12.6\libnvvp;C:\WINDOWS\system32;C:\WINDOWS;C:\WINDOWS\System32\Wbem;C:\WINDOWS\System32\WindowsPowerShell\v1.0\;C:\WINDOWS\System32\OpenSSH\;C:\Program Files (x86)\Microsoft SQL Server\160\DTS\Binn\;C:\Program Files\Azure Data Studio\bin;C:\Program Files\Microsoft VS Code\bin;C:\Users\evan.gerhard\Downloads\x13as;C:\Program Files\dotnet\;C:\Program Files\Microsoft SQL Server\150\Tools\Binn\;C:\Program Files\Microsoft SQL Server\Client SDK\ODBC\170\Tools\Binn\;C:\Program Files\SafeNet\Authentication\SAC\x64;C:\Program Files\SafeNet\Authentication\SAC\x32;C:\Program Files\NVIDIA Corporation\Nsight Compute 2024.3.2\;C:\Program Files (x86)\NVIDIA Corporation\PhysX\Common;C:\apache-maven-3.9.9\bin;C:\Program Files\Java\jdk-21\bin;C:\Users\evan.gerhard\AppData\Roaming\Python\Python312\Scripts;C:\Users\evan.gerhard\AppData\Local\Programs\Python\Python312\Scripts\;C:\Users\evan.gerhard\AppData\Local\Programs\Python\Python312\;C:\Users\evan.gerhard\AppData\Local\Programs\Python\Python39\Scripts\;C:\Users\evan.gerhard\AppData\Local\Programs\Python\Python39\;C:\Users\evan.gerhard\AppData\Local\Programs\Python\Python38\Scripts\;C:\Users\evan.gerhard\AppData\Local\Programs\Python\Python38\;C:\Users\evan.gerhard\AppData\Local\Microsoft\WindowsApps;C:\blp\DAPI;C:\blp\DAPI\DDE;C:\Users\evan.gerhard\AppData\Local\GitHubDesktop\bin;C:\Users\evan.gerhard\.dotnet\tools;;.]
08:15:18:657091|0091-JAVA::PropertyName [java.io.tmpdir] PropertyValue [C:\Users\EVAN~1.GER\AppData\Local\Temp\]
08:15:18:657120|0055-JAVA::PropertyName [java.compiler] PropertyValue [null]
08:15:18:657137|0055-JAVA::PropertyName [java.ext.dirs] PropertyValue [null]
08:15:18:657164|0055-JAVA::PropertyName [os.name] PropertyValue [Windows 11]
08:15:18:657179|0050-JAVA::PropertyName [os.arch] PropertyValue [amd64]
08:15:18:657194|0052-JAVA::PropertyName [os.version] PropertyValue [10.0]
08:15:18:657209|0053-JAVA::PropertyName [file.separator] PropertyValue [\]
08:15:18:657224|0053-JAVA::PropertyName [path.separator] PropertyValue [;]
08:15:18:657239|0054-JAVA::PropertyName [line.separator] PropertyValue [
]
08:15:18:657253|0059-JAVA::PropertyName [user.name] PropertyValue [evan.gerhard]
08:15:18:657268|0068-JAVA::PropertyName [user.home] PropertyValue [C:\Users\evan.gerhard]
08:15:18:657284|0119-JAVA::PropertyName [user.dir] PropertyValue [C:\Users\evan.gerhard\Documents\GitHub\ION_jmkv\redisOrder\RUN_redisOrder]
08:15:18:657390|0157-JAVA::PropertyName [command_line] PropertyValue [[-agentpath:C:\Program Files\SentinelOne\Sentinel Agent 24.2.3.471\SentinelJava64.dll=extendedCapabilities]]
08:15:18:657464|0062-PSH::VarName[eslib.low_load_factor],VarValue[1],Type[3],Desc[]
08:15:18:657603|0070-PSH::VarName[registerclientprotocolversion],VarValue[4],Type[3],Desc[]
08:15:18:657623|0050-PSH::VarName[logsasync],VarValue[1],Type[3],Desc[]
08:15:18:657637|0055-PSH::VarName[logcustomstats],VarValue[1],Type[3],Desc[]
08:15:18:657650|0061-PSH::VarName[publishonlyrecordset],VarValue[0],Type[3],Desc[]
08:15:18:657666|0058-PSH::VarName[CSHOST],VarValue[10.74.124.71],Type[1],Desc[]
08:15:18:657679|0052-PSH::VarName[negtimeout],VarValue[16],Type[3],Desc[]
08:15:18:657691|0057-PSH::VarName[winnative.enable],VarValue[1],Type[3],Desc[]
08:15:18:657704|0057-PSH::VarName[traces.broadcast],VarValue[1],Type[3],Desc[]
08:15:18:657716|0050-PSH::VarName[ent_source],VarValue[],Type[3],Desc[]
08:15:18:657729|0066-PSH::VarName[publish_exclude_originator],VarValue[],Type[3],Desc[]
08:15:18:657742|0086-PSH::VarName[excludedsslprotocols],VarValue[SSLv3 SSLv2Hello SSLv2 SSL],Type[3],Desc[]
08:15:18:657755|0051-PSH::VarName[LISTEN],VarValue[17996],Type[1],Desc[]
08:15:18:657767|0055-PSH::VarName[publish_include],VarValue[],Type[3],Desc[]
08:15:18:657792|0055-PSH::VarName[drecorderscript],VarValue[],Type[3],Desc[]
08:15:18:657805|0058-PSH::VarName[resolve_hostnames],VarValue[0],Type[3],Desc[]
08:15:18:657818|0052-PSH::VarName[statime_sub],VarValue[1],Type[3],Desc[]
08:15:18:657830|0054-PSH::VarName[dtflowcontrol],VarValue[1],Type[3],Desc[]
08:15:18:657842|0069-PSH::VarName[connection_failure_threshold],VarValue[5],Type[3],Desc[]
08:15:18:657855|0055-PSH::VarName[drecorderextobj],VarValue[],Type[3],Desc[]
08:15:18:657867|0061-PSH::VarName[full_unicode_support],VarValue[1],Type[3],Desc[]
08:15:18:657885|0059-PSH::VarName[memoryalert.amber],VarValue[45],Type[3],Desc[]
08:15:18:657898|0049-PSH::VarName[logsdays],VarValue[2],Type[3],Desc[]
08:15:18:657909|0051-PSH::VarName[dtblocking],VarValue[1],Type[3],Desc[]
08:15:18:657921|0084-PSH::VarName[debug.eslib],VarValue[1],Type[3],Desc[Trace for ESLib queries on files]
08:15:18:657934|0050-PSH::VarName[gctrace],VarValue[all],Type[3],Desc[]
08:15:18:657968|0055-PSH::VarName[tcp_buffer],VarValue[65536],Type[3],Desc[]
08:15:18:657983|0053-PSH::VarName[syscomponent],VarValue[0],Type[3],Desc[]
08:15:18:657995|0053-PSH::VarName[MONITOR_PORT],VarValue[0],Type[3],Desc[]
08:15:18:658006|0049-PSH::VarName[calive],VarValue[240],Type[3],Desc[]
08:15:18:658026|0072-PSH::VarName[ignore_daemon_object_collisions],VarValue[1],Type[3],Desc[]
08:15:18:658038|0054-PSH::VarName[audit_enabled],VarValue[1],Type[3],Desc[]
08:15:18:658050|0056-PSH::VarName[filebuffer],VarValue[131072],Type[3],Desc[]
08:15:18:658063|0055-PSH::VarName[logsflushtime],VarValue[-1],Type[3],Desc[]
08:15:18:658074|0052-PSH::VarName[mindiskfree],VarValue[0],Type[3],Desc[]
08:15:18:658105|0059-PSH::VarName[deadlock_detection],VarValue[1],Type[3],Desc[]
08:15:18:658118|0056-PSH::VarName[logsasyncwait],VarValue[200],Type[3],Desc[]
08:15:18:658130|0060-PSH::VarName[keystore.client.path],VarValue[],Type[3],Desc[]
08:15:18:658142|0063-PSH::VarName[eslib.high_load_factor],VarValue[2],Type[3],Desc[]
08:15:18:658165|0059-PSH::VarName[tickdata.precision],VarValue[0],Type[3],Desc[]
08:15:18:658178|0056-PSH::VarName[keystores_path],VarValue[.\],Type[3],Desc[]
08:15:18:658189|0047-PSH::VarName[LOGSDIR],VarValue[],Type[3],Desc[]
08:15:18:658203|0057-PSH::VarName[memoryalert.red],VarValue[50],Type[3],Desc[]
08:15:18:658215|0071-PSH::VarName[object_collisions_report_time],VarValue[60],Type[3],Desc[]
08:15:18:658226|0043-PSH::VarName[www],VarValue[],Type[3],Desc[]
08:15:18:658238|0054-PSH::VarName[maxlogsize],VarValue[1024],Type[3],Desc[]
08:15:18:658249|0055-PSH::VarName[logsbuffersize],VarValue[1],Type[3],Desc[]
08:15:18:658261|0056-PSH::VarName[ent_reqtimeout],VarValue[60],Type[3],Desc[]
08:15:18:658284|0059-PSH::VarName[COMPONENT],VarValue[redisOrder],Type[1],Desc[]
08:15:18:658296|0049-PSH::VarName[statime],VarValue[60],Type[3],Desc[]
08:15:18:658308|0064-PSH::VarName[chain.contentsub.enable],VarValue[0],Type[3],Desc[]
08:15:18:658319|0053-PSH::VarName[cidletimeout],VarValue[5],Type[3],Desc[]
08:15:18:658331|0075-PSH::VarName[ignore_like_type_object_collisions],VarValue[1],Type[3],Desc[]
08:15:18:658343|0073-PSH::VarName[data_dictionary.initial_size],VarValue[15000],Type[3],Desc[]
08:15:18:658355|0053-PSH::VarName[logformat],VarValue[utf8],Type[3],Desc[]
08:15:18:658366|0060-PSH::VarName[cpustat_threshold],VarValue[100],Type[3],Desc[]
08:15:18:658377|0049-PSH::VarName[usemsecs],VarValue[1],Type[3],Desc[]
08:15:18:658388|0059-PSH::VarName[eslib.custom_stats],VarValue[0],Type[3],Desc[]
08:15:18:658399|0049-PSH::VarName[rtdelay],VarValue[60],Type[3],Desc[]
08:15:18:658410|0055-PSH::VarName[maxqueuesize],VarValue[128],Type[3],Desc[]
08:15:18:658422|0064-PSH::VarName[audit_source],VarValue[AUDIT_SERVER],Type[3],Desc[]
08:15:18:658433|0050-PSH::VarName[csretry],VarValue[300],Type[3],Desc[]
08:15:18:658444|0054-PSH::VarName[dtblocksize],VarValue[256],Type[3],Desc[]
08:15:18:658456|0055-PSH::VarName[drecorderownobj],VarValue[],Type[3],Desc[]
08:15:18:658467|0051-PSH::VarName[maxdelay],VarValue[200],Type[3],Desc[]
08:15:18:658478|0076-PSH::VarName[ultra_low_latency.driver_timeout],VarValue[5000],Type[3],Desc[]
08:15:18:658500|0052-PSH::VarName[redirstderr],VarValue[1],Type[3],Desc[]
08:15:18:658512|0055-PSH::VarName[security_level],VarValue[0],Type[3],Desc[]
08:15:18:658523|0074-PSH::VarName[adaptlog.mindiskthroughput],VarValue[50000000],Type[3],Desc[]
08:15:18:658534|0052-PSH::VarName[dlocalscript],VarValue[],Type[3],Desc[]
08:15:18:658545|0054-PSH::VarName[audit_journal],VarValue[1],Type[3],Desc[]
08:15:18:658556|0075-PSH::VarName[trace_dt],VarValue[10],Type[3],Desc[Data Transfer trace level]
08:15:18:658567|0054-PSH::VarName[stack_on_stop],VarValue[0],Type[3],Desc[]
08:15:18:658578|0052-PSH::VarName[dtflushtime],VarValue[2],Type[3],Desc[]
08:15:18:658588|0051-PSH::VarName[dtsyncsend],VarValue[0],Type[3],Desc[]
08:15:18:658610|0060-PSH::VarName[includedciphersuites],VarValue[],Type[3],Desc[]
08:15:18:658621|0064-PSH::VarName[applicationlogsthreadid],VarValue[1],Type[3],Desc[]
08:15:18:658631|0060-PSH::VarName[keystore.server.path],VarValue[],Type[3],Desc[]
08:15:18:658642|0054-PSH::VarName[listenbacklog],VarValue[0],Type[3],Desc[]
08:15:18:658665|0052-PSH::VarName[dinputscript],VarValue[],Type[3],Desc[]
08:15:18:658685|0057-PSH::VarName[e2enative.enable],VarValue[1],Type[3],Desc[]
08:15:18:658704|0049-PSH::VarName[dblogerr],VarValue[0],Type[3],Desc[]
08:15:18:658716|0052-PSH::VarName[debug.supply],VarValue[],Type[3],Desc[]
08:15:18:658727|0052-PSH::VarName[tcp_nodelay],VarValue[1],Type[3],Desc[]
08:15:18:658739|0056-PSH::VarName[eslib.pool_size],VarValue[4],Type[3],Desc[]
08:15:18:658751|0046-PSH::VarName[server],VarValue[],Type[3],Desc[]
08:15:18:658768|0054-PSH::VarName[logsoutput],VarValue[file],Type[3],Desc[]
08:15:18:658779|0048-PSH::VarName[wwwport],VarValue[0],Type[3],Desc[]
08:15:18:658790|0066-PSH::VarName[publish_include_originator],VarValue[],Type[3],Desc[]
08:15:18:658801|0064-PSH::VarName[adaptlog.maxsyncwait],VarValue[2000],Type[3],Desc[]
08:15:18:658812|0054-PSH::VarName[MULTI_INSTANCE],VarValue[],Type[3],Desc[]
08:15:18:658822|0047-PSH::VarName[USER],VarValue[mkv],Type[1],Desc[]
08:15:18:658832|0060-PSH::VarName[debug],VarValue[3],Type[1],Desc[Trace on files]
08:15:18:658843|0055-PSH::VarName[publish_exclude],VarValue[],Type[3],Desc[]
08:15:18:658856|0045-PSH::VarName[DBDIR],VarValue[],Type[3],Desc[]
08:15:18:658866|0060-PSH::VarName[excludedciphersuites],VarValue[],Type[3],Desc[]
08:15:18:658877|0053-PSH::VarName[userecordset],VarValue[0],Type[3],Desc[]
08:15:18:658888|0058-PSH::VarName[ultra_low_latency],VarValue[0],Type[3],Desc[]
08:15:18:658898|0049-PSH::VarName[ctimeout],VarValue[5],Type[3],Desc[]
08:15:18:658907|0051-PSH::VarName[CSPORT],VarValue[20000],Type[1],Desc[]
08:15:18:658917|0049-PSH::VarName[ENABLESSL],VarValue[],Type[3],Desc[]
08:16:18:642590|1121-Pinfo Component {redisOrder} Type {PUB} APIVersion {1.6.8-p9d8} ApplVersion {1.0.0} SysUtilsKind {win} NanoTimeKind {generic} FReq {60} PID {15680} MemSize {39015} MemPct {0.23} JVMVersion {21.0.8,Java HotSpot(TM) 64-Bit Server VM} JVMTotalMemory {1048576} JVMFreeMemory {1009560} JVMMaxTotalMemory {16744448} CPUTime {00:00:04:109} CPUAvg {4.14} CPUPeak {259.65} CPUPeakTime {08:15:18:628} Pub {2847} PubLoc {0} SubRec {40} SubRecLoc {40} SubField {91} SubFieldLoc {91} SupRec {40} SupRecLoc {0} SupField {91} SupFieldLoc {0} UpdRec {40} UpdRecLoc {0} UpdField {91} UpdFieldLoc {0} UpdRecSub {0} MsgRecSnpRecv {40} MsgFieldSnpRecv {91} MsgRecSnpSent {0} MsgFieldSnpSent {0} MsgRecRecv {40} MsgFieldRecv {91} MsgRecSent {0} MsgFieldSent {0} pUpdRec {40} pUpdRecLoc {0} pUpdField {91} pUpdFieldLoc {0} pUpdRecSub {0} pMsgRecSnpRecv {40} pMsgFieldSnpRecv {91} pMsgRecSnpSent {0} pMsgFieldSnpSent {0} pMsgRecRecv {40} pMsgFieldRecv {91} pMsgRecSent {0} pMsgFieldSent {0} WLogBytes {645800} AvgIOTPut {91740773} SyncLogWaitMsecs {0} SyncLogThreadsSus {0} LostLogTraces {0} ClientID {1313} PlatformID {7355} UTCOffset {-04:00}
08:16:18:642646|0119-PSH::HWINFO arch {amd64} numproc {12} mem {66951348K} os {Windows 11} osversion {10.0} timezone {Eastern Standard Time}
08:16:18:642762|0536-Cinfo TSlice {60} From {redisOrder} To {ROUTER_US} RTDAvg {21.0} RTDMsg {45} RTDPeak {27.0} RTDPeakTime {08:16:11:684} RTDPeakQueueSize {0} CurrentQueueSize {0} QueuePoolSize {1} SubRecIn {0} SubRecOut {0} MsgRecRecv {0} MsgRecSnpRecv {0} MsgRecSent {0} MsgRecSnpSent {0} MsgRecDisc {0} MsgRecSus {0} PeakMsgRecQueued {0} PubMsgIn {1686} PubMsgOut {0} SubMsgIn {0} SubMsgOut {0} FcMsgIn {0} FcMsgOut {0} TrMsgIn {0} TrMsgOut {0} BytesIn {88792.0} BytesOut {3454.0} UltraLowLatency {false} NotifyTime {17849} SSLEnabled {0} TLSVersion {}
08:16:18:644538|0238-CustomStat: -CUSTOMSTATS_METADATA -Table {JVM Heap Stats} -ParentTable {components} -PrimaryKeyFields {} -Fields {Component,STR,HeapUsed,REAL,HeapCommit,REAL,HeapMax,REAL,NonHeapUsed,REAL,NonHeapCommit,REAL,NonHeapMax,REAL,TimeStamp,STR,}
08:16:18:647726|0292-CustomStat: -CUSTOMSTATS -Table {JVM Heap Stats} -Owner {redisOrder} -Component {redisOrder} -HeapUsed {3.8062152E7} -HeapCommit {1.073741824E9} -HeapMax {1.7146314752E10} -NonHeapUsed {2.3870912E7} -NonHeapCommit {2.6738688E7} -NonHeapMax {-1.0} -TimeStamp {} -SupplyTimestamp {12:16:18:647}
08:16:18:647927|0432-CustomStat: -CUSTOMSTATS_METADATA -Table {E2EDLY Stats} -ParentTable {components} -PrimaryKeyFields {Component,From,} -Fields {Component,STR,From,STR,To,STR,Delay,REAL,DelayMin,REAL,DelayMax,REAL,DelayMaxTime,STR,DelayAdjusted,REAL,DelayMaxAdjusted,REAL,DelayBaseline,REAL,Updates,INT,TotUpdates,REAL,RTTDelay,REAL,RTTDelayMin,REAL,RTTDelayMax,REAL,RTTDelayMaxTime,STR,RTTUpdates,INT,RTTTotUpdates,REAL,Snapshots,INT,TimeStamp,STR,}
08:16:18:647998|0187-CustomStat: -CUSTOMSTATS_METADATA -Table {MQ Stats} -ParentTable {components} -PrimaryKeyFields {} -Fields {Component,STR,MQPubLocal,INT,MQSubLocal,INT,MQPut,INT,MQSup,INT,TimeStamp,STR,}
08:16:18:648058|0186-CustomStat: -CUSTOMSTATS -Table {MQ Stats} -Owner {redisOrder} -Component {redisOrder} -MQPubLocal {0} -MQSubLocal {0} -MQPut {0} -MQSup {0} -TimeStamp {} -SupplyTimestamp {12:16:18:648}
08:16:18:649040|0345-CustomStat: -CUSTOMSTATS_METADATA -Table {GC Stats} -ParentTable {components} -PrimaryKeyFields {} -Fields {Component,STR,YoungGenUse,REAL,YoungGenMax,REAL,OldGenUse,REAL,OldGenMax,REAL,PermGenUse,REAL,PermGenMax,REAL,MinCollCnt,INT,MajCollCnt,REAL,MinCollDur,INT,MajCollDur,REAL,MinCollStw,REAL,MajCollStw,REAL,HeapAllocKBps,INT,TimeStamp,STR,}
08:16:18:649308|0385-CustomStat: -CUSTOMSTATS -Table {GC Stats} -Owner {redisOrder} -Component {redisOrder} -YoungGenUse {32768.0} -YoungGenMax {0.0} -OldGenUse {4402.0} -OldGenMax {1.6744448E7} -PermGenUse {15290.0} -PermGenMax {0.0} -MinCollCnt {1} -MajCollCnt {0.0} -MinCollDur {6} -MajCollDur {0.0} -MinCollStw {0.0} -MajCollStw {0.0} -HeapAllocKBps {1484} -TimeStamp {} -SupplyTimestamp {12:16:18:649}
08:16:19:661195|0049-TickData: RTTDelay,DM,redisOrder {23=2,24=5,25=1}
08:17:18:650514|1111-Pinfo Component {redisOrder} Type {PUB} APIVersion {1.6.8-p9d8} ApplVersion {1.0.0} SysUtilsKind {win} NanoTimeKind {generic} FReq {60} PID {15680} MemSize {39427} MemPct {0.24} JVMVersion {21.0.8,Java HotSpot(TM) 64-Bit Server VM} JVMTotalMemory {1048576} JVMFreeMemory {1009148} JVMMaxTotalMemory {16744448} CPUTime {00:00:05:578} CPUAvg {2.45} CPUPeak {10.9} CPUPeakTime {08:16:47:677} Pub {2847} PubLoc {0} SubRec {40} SubRecLoc {40} SubField {91} SubFieldLoc {91} SupRec {40} SupRecLoc {0} SupField {91} SupFieldLoc {0} UpdRec {40} UpdRecLoc {0} UpdField {91} UpdFieldLoc {0} UpdRecSub {0} MsgRecSnpRecv {40} MsgFieldSnpRecv {91} MsgRecSnpSent {0} MsgFieldSnpSent {0} MsgRecRecv {40} MsgFieldRecv {91} MsgRecSent {0} MsgFieldSent {0} pUpdRec {0} pUpdRecLoc {0} pUpdField {0} pUpdFieldLoc {0} pUpdRecSub {0} pMsgRecSnpRecv {0} pMsgFieldSnpRecv {0} pMsgRecSnpSent {0} pMsgFieldSnpSent {0} pMsgRecRecv {0} pMsgFieldRecv {0} pMsgRecSent {0} pMsgFieldSent {0} WLogBytes {11183} AvgIOTPut {3069217} SyncLogWaitMsecs {0} SyncLogThreadsSus {0} LostLogTraces {0} ClientID {1313} PlatformID {7355} UTCOffset {-04:00}
08:17:18:650576|0119-PSH::HWINFO arch {amd64} numproc {12} mem {66951348K} os {Windows 11} osversion {10.0} timezone {Eastern Standard Time}
08:17:18:650669|0535-Cinfo TSlice {60} From {redisOrder} To {ROUTER_US} RTDAvg {21.0} RTDMsg {60} RTDPeak {27.0} RTDPeakTime {08:16:24:691} RTDPeakQueueSize {0} CurrentQueueSize {0} QueuePoolSize {1} SubRecIn {0} SubRecOut {0} MsgRecRecv {0} MsgRecSnpRecv {0} MsgRecSent {0} MsgRecSnpSent {0} MsgRecDisc {0} MsgRecSus {0} PeakMsgRecQueued {0} PubMsgIn {1686} PubMsgOut {0} SubMsgIn {0} SubMsgOut {0} FcMsgIn {0} FcMsgOut {0} TrMsgIn {0} TrMsgOut {0} BytesIn {93112.0} BytesOut {7774.0} UltraLowLatency {false} NotifyTime {2333} SSLEnabled {0} TLSVersion {}
08:17:18:650946|0292-CustomStat: -CUSTOMSTATS -Table {JVM Heap Stats} -Owner {redisOrder} -Component {redisOrder} -HeapUsed {3.8062152E7} -HeapCommit {1.073741824E9} -HeapMax {1.7146314752E10} -NonHeapUsed {2.4172592E7} -NonHeapCommit {2.7000832E7} -NonHeapMax {-1.0} -TimeStamp {} -SupplyTimestamp {12:17:18:650}
08:17:18:651203|0186-CustomStat: -CUSTOMSTATS -Table {MQ Stats} -Owner {redisOrder} -Component {redisOrder} -MQPubLocal {0} -MQSubLocal {0} -MQPut {0} -MQSup {0} -TimeStamp {} -SupplyTimestamp {12:17:18:651}
08:17:18:651650|0382-CustomStat: -CUSTOMSTATS -Table {GC Stats} -Owner {redisOrder} -Component {redisOrder} -YoungGenUse {32768.0} -YoungGenMax {0.0} -OldGenUse {4402.0} -OldGenMax {1.6744448E7} -PermGenUse {15346.0} -PermGenMax {0.0} -MinCollCnt {0} -MajCollCnt {0.0} -MinCollDur {0} -MajCollDur {0.0} -MinCollStw {0.0} -MajCollStw {0.0} -HeapAllocKBps {0} -TimeStamp {} -SupplyTimestamp {12:17:18:651}
08:17:18:694633|0044-TickData: RTTDelay,DM,redisOrder {22=2,23=1}
